2021/07/23 08:13:50 [notice] 1#1: using the "epoll" event method
2021/07/23 08:13:50 [notice] 1#1: nginx/1.20.1
2021/07/23 08:13:50 [notice] 1#1: built by gcc 10.2.1 20201203 (Alpine 10.2.1_pre1) 
2021/07/23 08:13:50 [notice] 1#1: OS: Linux 5.10.25-linuxkit
2021/07/23 08:13:50 [notice] 1#1: getrlimit(RLIMIT_NOFILE): 1048576:1048576
2021/07/23 08:13:50 [notice] 1#1: start worker processes
2021/07/23 08:13:50 [notice] 1#1: start worker process 24
2021/07/23 08:13:50 [notice] 1#1: start worker process 25
2021/07/23 08:38:09 [notice] 1#1: signal 3 (SIGQUIT) received, shutting down
2021/07/23 08:38:09 [notice] 24#24: gracefully shutting down
2021/07/23 08:38:09 [notice] 24#24: exiting
2021/07/23 08:38:09 [notice] 25#25: gracefully shutting down
2021/07/23 08:38:09 [notice] 24#24: exit
2021/07/23 08:38:09 [notice] 25#25: exiting
2021/07/23 08:38:09 [notice] 25#25: exit
2021/07/23 08:38:09 [notice] 1#1: signal 17 (SIGCHLD) received from 24
2021/07/23 08:38:09 [notice] 1#1: worker process 24 exited with code 0
2021/07/23 08:38:09 [notice] 1#1: signal 29 (SIGIO) received
2021/07/23 08:38:09 [notice] 1#1: signal 17 (SIGCHLD) received from 25
2021/07/23 08:38:09 [notice] 1#1: worker process 25 exited with code 0
2021/07/23 08:38:09 [notice] 1#1: exit
2021/07/23 08:43:36 [notice] 1#1: using the "epoll" event method
2021/07/23 08:43:36 [notice] 1#1: nginx/1.20.1
2021/07/23 08:43:36 [notice] 1#1: built by gcc 10.2.1 20201203 (Alpine 10.2.1_pre1) 
2021/07/23 08:43:36 [notice] 1#1: OS: Linux 5.10.25-linuxkit
2021/07/23 08:43:36 [notice] 1#1: getrlimit(RLIMIT_NOFILE): 1048576:1048576
2021/07/23 08:43:36 [notice] 1#1: start worker processes
2021/07/23 08:43:36 [notice] 1#1: start worker process 25
2021/07/23 08:43:36 [notice] 1#1: start worker process 26
